<?xml version="1.0" encoding="UTF-8"?>
<!-- Generated by org.testng.reporters.JUnitXMLReporter -->
<testsuite hostname="Sogotology-pc" ignored="0" name="Test1" tests="1" failures="1" timestamp="2022-04-05T14:14:44 CDT" time="84.34" errors="0">
  <testcase name="feature" time="83.892" classname="runners.LoginRunnerTNG">
    <failure type="cucumber.runtime.CucumberException" message="junit.framework.ComparisonFailure: expected:&amp;lt;[Dashboard]- iBilling&amp;gt; but was:&amp;lt;[Login ]- iBilling&amp;gt;">
      <![CDATA[cucumber.runtime.CucumberException: junit.framework.ComparisonFailure: expected:<[Dashboard]- iBilling> but was:<[Login ]- iBilling>
at cucumber.api.testng.TestNGCucumberRunner.runCucumber(TestNGCucumberRunner.java:69)
at runners.LoginRunnerTNG.feature(LoginRunnerTNG.java:32)
at java.util.ArrayList.forEach(ArrayList.java:1259)
Caused by: junit.framework.ComparisonFailure: expected:<[Dashboard]- iBilling> but was:<[Login ]- iBilling>
at junit.framework.Assert.assertEquals(Assert.java:100)
at junit.framework.Assert.assertEquals(Assert.java:107)
at steps.LoginStepDefinition.User_should_land_on_Dashboard_page(LoginStepDefinition.java:96)
at ✽.Then User should land on Dashboard page(features/TF_Login.feature:10)
... Removed 27 stack frames]]>
    </failure>
  </testcase> <!-- feature -->
</testsuite> <!-- Test1 -->
