<?xml version="1.0" encoding="UTF-8"?>
<testng-results skipped="0" failed="0" ignored="0" total="1" passed="1">
  <reporter-output>
  </reporter-output>
  <suite name="Default suite" duration-ms="105434" started-at="2022-04-05T16:06:29 CDT" finished-at="2022-04-05T16:08:14 CDT">
    <groups>
      <group name="cucumber">
        <method signature="LoginRunnerTNG.feature(cucumber.api.testng.CucumberFeatureWrapper)[pri:0, instance:runners.LoginRunnerTNG@28ac3dc3]" name="feature" class="runners.LoginRunnerTNG"/>
      </group> <!-- cucumber -->
    </groups>
    <test name="Default test" duration-ms="105434" started-at="2022-04-05T16:06:29 CDT" finished-at="2022-04-05T16:08:14 CDT">
      <class name="runners.LoginRunnerTNG">
        <test-method status="PASS" signature="setUpClass()[pri:0, instance:runners.LoginRunnerTNG@28ac3dc3]" name="setUpClass" is-config="true" duration-ms="221" started-at="2022-04-05T16:06:29 CDT" finished-at="2022-04-05T16:06:29 CDT">
          <reporter-output>
          </reporter-output>
        </test-method> <!-- setUpClass -->
        <test-method status="PASS" signature="feature(cucumber.api.testng.CucumberFeatureWrapper)[pri:0, instance:runners.LoginRunnerTNG@28ac3dc3]" name="feature" duration-ms="105034" started-at="2022-04-05T16:06:29 CDT" description="Runs cucumber Feature" data-provider="features" finished-at="2022-04-05T16:08:14 CDT">
          <params>
            <param index="0">
              <value>
                <![CDATA[Techfios login functionality validation]]>
              </value>
            </param>
          </params>
          <reporter-output>
          </reporter-output>
        </test-method> <!-- feature -->
        <test-method status="PASS" signature="tearDownClass()[pri:0, instance:runners.LoginRunnerTNG@28ac3dc3]" name="tearDownClass" is-config="true" duration-ms="35" started-at="2022-04-05T16:08:14 CDT" finished-at="2022-04-05T16:08:14 CDT">
          <reporter-output>
          </reporter-output>
        </test-method> <!-- tearDownClass -->
      </class> <!-- runners.LoginRunnerTNG -->
    </test> <!-- Default test -->
  </suite> <!-- Default suite -->
</testng-results>
